<?xml version="1.0" encoding="UTF-8"?>
<!-- Generated by org.testng.reporters.JUnitXMLReporter -->
<testsuite hostname="01HW510223" name="ChromeTest" tests="6" failures="0" timestamp="25 May 2016 10:11:33 GMT" time="1531.759" errors="0">
  <testcase name="UtilityLinks" time="388.612" classname="com.Centurylink.PWCM.Sprint208"/>
  <testcase name="QuickLinks" time="254.506" classname="com.Centurylink.PWCM.Sprint208"/>
  <testcase name="HomePage" time="258.866" classname="com.Centurylink.PWCM.Sprint208"/>
  <testcase name="NavigationBar" time="406.915" classname="com.Centurylink.PWCM.Sprint208"/>
  <testcase name="Helppage" time="104.881" classname="com.Centurylink.PWCM.Sprint209"/>
  <testcase name="Feedbackpage" time="63.834" classname="com.Centurylink.PWCM.Sprint209"/>
</testsuite> <!-- ChromeTest -->
