<?xml version="1.0" encoding="UTF-8"?>
<!-- Generated by org.testng.reporters.JUnitXMLReporter -->
<testsuite hostname="01HW510223" name="ChromeTest" tests="6" failures="0" timestamp="25 May 2016 07:43:29 GMT" time="514.33" errors="0">
  <testcase name="UtilityLinks" time="159.285" classname="com.Centurylink.PWCM.Sprint208"/>
  <testcase name="QuickLinks" time="97.287" classname="com.Centurylink.PWCM.Sprint208"/>
  <testcase name="HomePage" time="22.576" classname="com.Centurylink.PWCM.Sprint208"/>
  <testcase name="NavigationBar" time="53.913" classname="com.Centurylink.PWCM.Sprint208"/>
  <testcase name="Helppage" time="103.449" classname="com.Centurylink.PWCM.Sprint209"/>
  <testcase name="Feedbackpage" time="45.64" classname="com.Centurylink.PWCM.Sprint209"/>
</testsuite> <!-- ChromeTest -->
