<?xml version="1.0" encoding="UTF-8"?>
<!-- Generated by org.testng.reporters.JUnitXMLReporter -->
<testsuite hostname="01HW510223" name="FirefoxTest" tests="6" failures="0" timestamp="26 May 2016 10:46:47 GMT" time="617.926" errors="0">
  <testcase name="UtilityLinks" time="109.507" classname="com.Centurylink.PWCM.HomePage"/>
  <testcase name="QuickLinks" time="190.394" classname="com.Centurylink.PWCM.HomePage"/>
  <testcase name="Homepage" time="63.819" classname="com.Centurylink.PWCM.HomePage"/>
  <testcase name="NavigationBar" time="106.193" classname="com.Centurylink.PWCM.HomePage"/>
  <testcase name="Help" time="62.558" classname="com.Centurylink.PWCM.HelpPage"/>
  <testcase name="Feedbackpage" time="62.198" classname="com.Centurylink.PWCM.FeedbackPage"/>
</testsuite> <!-- FirefoxTest -->
