<?xml version="1.0" encoding="UTF-8"?>
<!-- Generated by org.testng.reporters.JUnitXMLReporter -->
<testsuite hostname="01HW510223" name="FirefoxTest" tests="9" failures="0" timestamp="27 May 2016 12:06:51 GMT" time="615.463" errors="0">
  <testcase name="UtilityLinks" time="79.54" classname="com.Centurylink.PWCM.HomePage"/>
  <testcase name="QuickLinks" time="132.447" classname="com.Centurylink.PWCM.HomePage"/>
  <testcase name="Homepage" time="37.617" classname="com.Centurylink.PWCM.HomePage"/>
  <testcase name="NavigationBar" time="74.529" classname="com.Centurylink.PWCM.HomePage"/>
  <testcase name="Help" time="60.345" classname="com.Centurylink.PWCM.HelpPage"/>
  <testcase name="Feedbackpage" time="54.134" classname="com.Centurylink.PWCM.FeedbackPage"/>
  <testcase name="AQCBPage" time="25.158" classname="com.Centurylink.PWCM.PartnerTools"/>
  <testcase name="CNDCpage" time="50.824" classname="com.Centurylink.PWCM.PartnerTools"/>
  <testcase name="VQT" time="48.141" classname="com.Centurylink.PWCM.PartnerTools"/>
</testsuite> <!-- FirefoxTest -->
