<?xml version="1.0" encoding="UTF-8"?>
<!-- Generated by org.testng.reporters.JUnitXMLReporter -->
<testsuite hostname="01HW510223" name="Test" tests="6" failures="0" timestamp="24 May 2016 11:08:54 GMT" time="670.107" errors="0">
  <testcase name="UtilityLinks" time="112.973" classname="com.Centurylink.PWCM.Sprint208"/>
  <testcase name="QuickLinks" time="180.829" classname="com.Centurylink.PWCM.Sprint208"/>
  <testcase name="HomePage" time="34.863" classname="com.Centurylink.PWCM.Sprint208"/>
  <testcase name="NavigationBar" time="248.297" classname="com.Centurylink.PWCM.Sprint208"/>
  <testcase name="Helppage" time="66.43" classname="com.Centurylink.PWCM.Sprint209"/>
  <testcase name="Feedbackpage" time="23.219" classname="com.Centurylink.PWCM.Sprint209"/>
</testsuite> <!-- Test -->
