<?xml version="1.0" encoding="UTF-8"?>
<!-- Generated by org.testng.reporters.JUnitXMLReporter -->
<testsuite hostname="01HW510223" name="Test" tests="6" failures="0" timestamp="23 May 2016 12:55:08 GMT" time="420.668" errors="0">
  <testcase name="UtilityLinks" time="116.695" classname="com.Centurylink.PWCM.Sprint208"/>
  <testcase name="QuickLinks" time="119.958" classname="com.Centurylink.PWCM.Sprint208"/>
  <testcase name="HomePage" time="34.925" classname="com.Centurylink.PWCM.Sprint208"/>
  <testcase name="NavigationBar" time="73.095" classname="com.Centurylink.PWCM.Sprint208"/>
  <testcase name="Helppage" time="54.478" classname="com.Centurylink.PWCM.Sprint209"/>
  <testcase name="Feedbackpage" time="18.639" classname="com.Centurylink.PWCM.Sprint209"/>
</testsuite> <!-- Test -->
