<?xml version="1.0" encoding="UTF-8"?>
<!-- Generated by org.testng.reporters.JUnitXMLReporter -->
<testsuite hostname="01HW510223" name="Test1" tests="1" failures="0" timestamp="20 May 2016 13:35:28 GMT" time="0.234" errors="0">
  <testcase name="@AfterClass closebrowser" time="0.0" classname="com.Centurylink.PWCM.Sprint209">
    <failure type="java.lang.NullPointerException">
      <![CDATA[java.lang.NullPointerException
	at com.Centurylink.PWCM.Sprint209.closebrowser(Sprint209.java:253)
... Removed 24 stack frames]]>
    </failure>
  </testcase> <!-- @AfterClass closebrowser -->
  <testcase name="Feedbackpage" time="0.203" classname="com.Centurylink.PWCM.Sprint209">
    <skipped/>
  </testcase> <!-- Feedbackpage -->
</testsuite> <!-- Test1 -->
