<?xml version="1.0" encoding="UTF-8"?>
<testng-results skipped="0" failed="0" total="6" passed="6">
  <reporter-output>
  </reporter-output>
  <suite name="SuitePWCM" duration-ms="1531759" started-at="2016-05-25T09:46:01Z" finished-at="2016-05-25T10:11:33Z">
    <groups>
    </groups>
    <test name="ChromeTest" duration-ms="1531759" started-at="2016-05-25T09:46:01Z" finished-at="2016-05-25T10:11:33Z">
      <class name="com.Centurylink.PWCM.Sprint208">
        <test-method status="PASS" signature="drivercall(java.lang.String)[pri:0, instance:com.Centurylink.PWCM.Sprint208@113bc51]" name="drivercall" is-config="true" duration-ms="34527" started-at="2016-05-25T15:16:01Z" finished-at="2016-05-25T15:16:36Z">
          <params>
            <param index="0">
              <value>
                <![CDATA[chrome]]>
              </value>
            </param>
          </params>
          <reporter-output>
          </reporter-output>
        </test-method> <!-- drivercall -->
        <test-method status="PASS" signature="UtilityLinks()[pri:0, instance:com.Centurylink.PWCM.Sprint208@113bc51]" name="UtilityLinks" duration-ms="388612" started-at="2016-05-25T15:16:36Z" finished-at="2016-05-25T15:23:04Z">
          <reporter-output>
          </reporter-output>
        </test-method> <!-- UtilityLinks -->
        <test-method status="PASS" signature="tearDown(org.testng.ITestResult)[pri:0, instance:com.Centurylink.PWCM.Sprint208@113bc51]" name="tearDown" is-config="true" duration-ms="4636" started-at="2016-05-25T15:23:04Z" finished-at="2016-05-25T15:23:09Z">
          <params>
            <param index="0">
              <value>
                <![CDATA[[TestResult name=UtilityLinks status=SUCCESS method=Sprint208.UtilityLinks()[pri:0, instance:com.Centurylink.PWCM.Sprint208@113bc51] output={null}]]]>
              </value>
            </param>
          </params>
          <reporter-output>
          </reporter-output>
        </test-method> <!-- tearDown -->
        <test-method status="PASS" signature="QuickLinks()[pri:0, instance:com.Centurylink.PWCM.Sprint208@113bc51]" name="QuickLinks" duration-ms="254506" started-at="2016-05-25T15:23:09Z" finished-at="2016-05-25T15:27:23Z">
          <reporter-output>
          </reporter-output>
        </test-method> <!-- QuickLinks -->
        <test-method status="PASS" signature="tearDown(org.testng.ITestResult)[pri:0, instance:com.Centurylink.PWCM.Sprint208@113bc51]" name="tearDown" is-config="true" duration-ms="41" started-at="2016-05-25T15:27:23Z" finished-at="2016-05-25T15:27:23Z">
          <params>
            <param index="0">
              <value>
                <![CDATA[[TestResult name=QuickLinks status=SUCCESS method=Sprint208.QuickLinks()[pri:0, instance:com.Centurylink.PWCM.Sprint208@113bc51] output={null}]]]>
              </value>
            </param>
          </params>
          <reporter-output>
          </reporter-output>
        </test-method> <!-- tearDown -->
        <test-method status="PASS" signature="HomePage()[pri:0, instance:com.Centurylink.PWCM.Sprint208@113bc51]" name="HomePage" duration-ms="258866" started-at="2016-05-25T15:27:23Z" finished-at="2016-05-25T15:31:42Z">
          <reporter-output>
          </reporter-output>
        </test-method> <!-- HomePage -->
        <test-method status="PASS" signature="tearDown(org.testng.ITestResult)[pri:0, instance:com.Centurylink.PWCM.Sprint208@113bc51]" name="tearDown" is-config="true" duration-ms="28" started-at="2016-05-25T15:31:42Z" finished-at="2016-05-25T15:31:42Z">
          <params>
            <param index="0">
              <value>
                <![CDATA[[TestResult name=HomePage status=SUCCESS method=Sprint208.HomePage()[pri:0, instance:com.Centurylink.PWCM.Sprint208@113bc51] output={null}]]]>
              </value>
            </param>
          </params>
          <reporter-output>
          </reporter-output>
        </test-method> <!-- tearDown -->
        <test-method status="PASS" signature="NavigationBar()[pri:0, instance:com.Centurylink.PWCM.Sprint208@113bc51]" name="NavigationBar" duration-ms="406915" started-at="2016-05-25T15:31:42Z" finished-at="2016-05-25T15:38:29Z">
          <reporter-output>
          </reporter-output>
        </test-method> <!-- NavigationBar -->
        <test-method status="PASS" signature="tearDown(org.testng.ITestResult)[pri:0, instance:com.Centurylink.PWCM.Sprint208@113bc51]" name="tearDown" is-config="true" duration-ms="146" started-at="2016-05-25T15:38:29Z" finished-at="2016-05-25T15:38:29Z">
          <params>
            <param index="0">
              <value>
                <![CDATA[[TestResult name=NavigationBar status=SUCCESS method=Sprint208.NavigationBar()[pri:0, instance:com.Centurylink.PWCM.Sprint208@113bc51] output={null}]]]>
              </value>
            </param>
          </params>
          <reporter-output>
          </reporter-output>
        </test-method> <!-- tearDown -->
        <test-method status="PASS" signature="closebrowser()[pri:0, instance:com.Centurylink.PWCM.Sprint208@113bc51]" name="closebrowser" is-config="true" duration-ms="1873" started-at="2016-05-25T15:38:29Z" finished-at="2016-05-25T15:38:31Z">
          <reporter-output>
          </reporter-output>
        </test-method> <!-- closebrowser -->
      </class> <!-- com.Centurylink.PWCM.Sprint208 -->
      <class name="com.Centurylink.PWCM.Sprint209">
        <test-method status="PASS" signature="drivercall(java.lang.String)[pri:0, instance:com.Centurylink.PWCM.Sprint209@502388]" name="drivercall" is-config="true" duration-ms="9097" started-at="2016-05-25T15:38:31Z" finished-at="2016-05-25T15:38:40Z">
          <params>
            <param index="0">
              <value>
                <![CDATA[chrome]]>
              </value>
            </param>
          </params>
          <reporter-output>
          </reporter-output>
        </test-method> <!-- drivercall -->
        <test-method status="PASS" signature="Helppage(java.lang.String, java.lang.String, java.lang.String, java.lang.String, java.lang.String, java.lang.String, java.lang.String, java.lang.String, java.lang.String, java.lang.String, java.lang.String, java.lang.String, java.lang.String, java.lang.String, java.lang.String)[pri:0, instance:com.Centurylink.PWCM.Sprint209@502388]" name="Helppage" duration-ms="104881" started-at="2016-05-25T15:38:42Z" data-provider="Helppage" finished-at="2016-05-25T15:40:27Z">
          <params>
            <param index="0">
              <value>
                <![CDATA[Arunkumar]]>
              </value>
            </param>
            <param index="1">
              <value>
                <![CDATA[33669987]]>
              </value>
            </param>
            <param index="2">
              <value>
                <![CDATA[TCS]]>
              </value>
            </param>
            <param index="3">
              <value>
                <![CDATA[Centurylink]]>
              </value>
            </param>
            <param index="4">
              <value>
                <![CDATA[9885698743]]>
              </value>
            </param>
            <param index="5">
              <value>
                <![CDATA[9665874215]]>
              </value>
            </param>
            <param index="6">
              <value>
                <![CDATA[dakinfotech87@gmail.com]]>
              </value>
            </param>
            <param index="7">
              <value>
                <![CDATA[Google Chrome]]>
              </value>
            </param>
            <param index="8">
              <value>
                <![CDATA[49.0]]>
              </value>
            </param>
            <param index="9">
              <value>
                <![CDATA[NA]]>
              </value>
            </param>
            <param index="10">
              <value>
                <![CDATA[Access Problem]]>
              </value>
            </param>
            <param index="11">
              <value>
                <![CDATA[Access problem]]>
              </value>
            </param>
            <param index="12">
              <value>
                <![CDATA[Access not working now a days]]>
              </value>
            </param>
            <param index="13">
              <value>
                <![CDATA[30xx Error]]>
              </value>
            </param>
            <param index="14">
              <value>
                <![CDATA[Nothing]]>
              </value>
            </param>
          </params>
          <reporter-output>
          </reporter-output>
        </test-method> <!-- Helppage -->
        <test-method status="PASS" signature="tearDown(org.testng.ITestResult)[pri:0, instance:com.Centurylink.PWCM.Sprint209@502388]" name="tearDown" is-config="true" duration-ms="27" started-at="2016-05-25T15:40:27Z" finished-at="2016-05-25T15:40:27Z">
          <params>
            <param index="0">
              <value>
                <![CDATA[[TestResult name=Helppage status=SUCCESS method=Sprint209.Helppage(java.lang.String, java.lang.String, java.lang.String, java.lang.String, java.lang.String, java.lang.String, java.lang.String, java.lang.String, java.lang.String, java.lang.String, java.lang.String, java.lang.String, java.lang.String, java.lang.String, java.lang.String)[pri:0, instance:com.Centurylink.PWCM.Sprint209@502388] output={null}]]]>
              </value>
            </param>
          </params>
          <reporter-output>
          </reporter-output>
        </test-method> <!-- tearDown -->
        <test-method status="PASS" signature="Feedbackpage(java.lang.String, java.lang.String, java.lang.String, java.lang.String, java.lang.String, java.lang.String, java.lang.String, java.lang.String, java.lang.String)[pri:0, instance:com.Centurylink.PWCM.Sprint209@502388]" name="Feedbackpage" duration-ms="63834" started-at="2016-05-25T15:40:27Z" data-provider="Feedbackpage" finished-at="2016-05-25T15:41:31Z">
          <params>
            <param index="0">
              <value>
                <![CDATA[Ilamukil]]>
              </value>
            </param>
            <param index="1">
              <value>
                <![CDATA[859647]]>
              </value>
            </param>
            <param index="2">
              <value>
                <![CDATA[TCS]]>
              </value>
            </param>
            <param index="3">
              <value>
                <![CDATA[ilamukil.arunkumar@gmail.com]]>
              </value>
            </param>
            <param index="4">
              <value>
                <![CDATA[9658743256]]>
              </value>
            </param>
            <param index="5">
              <value>
                <![CDATA[9856471254]]>
              </value>
            </param>
            <param index="6">
              <value>
                <![CDATA[NavigationError]]>
              </value>
            </param>
            <param index="7">
              <value>
                <![CDATA[Navigation is not working]]>
              </value>
            </param>
            <param index="8">
              <value>
                <![CDATA[Not working please solve ASAP]]>
              </value>
            </param>
          </params>
          <reporter-output>
          </reporter-output>
        </test-method> <!-- Feedbackpage -->
        <test-method status="PASS" signature="tearDown(org.testng.ITestResult)[pri:0, instance:com.Centurylink.PWCM.Sprint209@502388]" name="tearDown" is-config="true" duration-ms="27" started-at="2016-05-25T15:41:31Z" finished-at="2016-05-25T15:41:31Z">
          <params>
            <param index="0">
              <value>
                <![CDATA[[TestResult name=Feedbackpage status=SUCCESS method=Sprint209.Feedbackpage(java.lang.String, java.lang.String, java.lang.String, java.lang.String, java.lang.String, java.lang.String, java.lang.String, java.lang.String, java.lang.String)[pri:0, instance:com.Centurylink.PWCM.Sprint209@502388] output={null}]]]>
              </value>
            </param>
          </params>
          <reporter-output>
          </reporter-output>
        </test-method> <!-- tearDown -->
        <test-method status="PASS" signature="closebrowser()[pri:0, instance:com.Centurylink.PWCM.Sprint209@502388]" name="closebrowser" is-config="true" duration-ms="1568" started-at="2016-05-25T15:41:31Z" finished-at="2016-05-25T15:41:33Z">
          <reporter-output>
          </reporter-output>
        </test-method> <!-- closebrowser -->
      </class> <!-- com.Centurylink.PWCM.Sprint209 -->
    </test> <!-- ChromeTest -->
  </suite> <!-- SuitePWCM -->
</testng-results>
